0 info it worked if it ends with ok
1 verbose cli [ 'C:\\Program Files\\nodejs\\\\node.exe',
1 verbose cli   'C:\\Program Files\\nodejs\\node_modules\\npm\\bin\\npm-cli.js',
1 verbose cli   'install',
1 verbose cli   '-g',
1 verbose cli   'typescript@0.8' ]
2 info using npm@1.2.25
3 info using node@v0.10.10
4 verbose node symlink C:\Program Files\nodejs\\node.exe
5 verbose read json C:\Users\YosukeTorii\AppData\Roaming\npm\package.json
6 verbose read json C:\Users\YosukeTorii\AppData\Roaming\npm\package.json
7 verbose cache add [ 'typescript@0.8', null ]
8 verbose cache add name=undefined spec="typescript@0.8" args=["typescript@0.8",null]
9 verbose parsed url { protocol: null,
9 verbose parsed url   slashes: null,
9 verbose parsed url   auth: null,
9 verbose parsed url   host: null,
9 verbose parsed url   port: null,
9 verbose parsed url   hostname: null,
9 verbose parsed url   hash: null,
9 verbose parsed url   search: null,
9 verbose parsed url   query: null,
9 verbose parsed url   pathname: 'typescript@0.8',
9 verbose parsed url   path: 'typescript@0.8',
9 verbose parsed url   href: 'typescript@0.8' }
10 verbose cache add name="typescript" spec="0.8" args=["typescript","0.8"]
11 verbose parsed url { protocol: null,
11 verbose parsed url   slashes: null,
11 verbose parsed url   auth: null,
11 verbose parsed url   host: null,
11 verbose parsed url   port: null,
11 verbose parsed url   hostname: null,
11 verbose parsed url   hash: null,
11 verbose parsed url   search: null,
11 verbose parsed url   query: null,
11 verbose parsed url   pathname: '0.8',
11 verbose parsed url   path: '0.8',
11 verbose parsed url   href: '0.8' }
12 verbose addNamed [ 'typescript', '0.8' ]
13 verbose addNamed [ null, '>=0.8.0- <0.9.0-' ]
14 silly lockFile 34ccef0b-typescript-0-8 typescript@0.8
15 verbose lock typescript@0.8 C:\Users\YosukeTorii\AppData\Roaming\npm-cache\34ccef0b-typescript-0-8.lock
16 silly addNameRange { name: 'typescript', range: '>=0.8.0- <0.9.0-', hasData: false }
17 verbose url raw typescript
18 verbose url resolving [ 'https://registry.npmjs.org/', './typescript' ]
19 verbose url resolved https://registry.npmjs.org/typescript
20 info trying registry request attempt 1 at 22:25:27
21 verbose etag "59VB1SVUC4WV28CVT5W2M68D3"
22 http GET https://registry.npmjs.org/typescript
23 http 304 https://registry.npmjs.org/typescript
24 silly registry.get cb [ 304,
24 silly registry.get   { server: 'CouchDB/1.3.0 (Erlang OTP/R15B03)',
24 silly registry.get     etag: '"59VB1SVUC4WV28CVT5W2M68D3"',
24 silly registry.get     date: 'Sat, 22 Jun 2013 13:25:31 GMT',
24 silly registry.get     'content-length': '0' } ]
25 verbose etag typescript from cache
26 silly addNameRange number 2 { name: 'typescript', range: '>=0.8.0- <0.9.0-', hasData: true }
27 silly addNameRange versions [ 'typescript',
27 silly addNameRange   [ '0.8.0', '0.8.1', '0.8.1-1', '0.8.2', '0.8.3', '0.9.0' ] ]
28 verbose addNamed [ 'typescript', '0.8.3' ]
29 verbose addNamed [ '0.8.3', '0.8.3' ]
30 silly lockFile 8a58679d-typescript-0-8-3 typescript@0.8.3
31 verbose lock typescript@0.8.3 C:\Users\YosukeTorii\AppData\Roaming\npm-cache\8a58679d-typescript-0-8-3.lock
32 verbose read json C:\Users\YosukeTorii\AppData\Roaming\npm-cache\typescript\0.8.3\package\package.json
33 silly lockFile 8a58679d-typescript-0-8-3 typescript@0.8.3
34 silly lockFile 8a58679d-typescript-0-8-3 typescript@0.8.3
35 silly lockFile 34ccef0b-typescript-0-8 typescript@0.8
36 silly lockFile 34ccef0b-typescript-0-8 typescript@0.8
37 silly resolved [ { name: 'typescript',
37 silly resolved     author: { name: 'Microsoft Corp.' },
37 silly resolved     homepage: 'http://typescriptlang.org/',
37 silly resolved     version: '0.8.3',
37 silly resolved     licenses: [ [Object] ],
37 silly resolved     description: 'TypeScript is a language for application scale JavaScript development',
37 silly resolved     keywords: [ 'TypeScript', 'Microsoft', 'compiler', 'language', 'javascript' ],
37 silly resolved     bugs: { url: 'http://typescript.codeplex.com/workitem/list/basic' },
37 silly resolved     repository: { type: 'git', url: 'https://git01.codeplex.com/typescript' },
37 silly resolved     preferGlobal: true,
37 silly resolved     main: './bin/typescript.js',
37 silly resolved     bin: { tsc: './bin/tsc' },
37 silly resolved     engines: { node: '>=0.8.0' },
37 silly resolved     devDependencies: { jake: 'latest' },
37 silly resolved     readme: '# TypeScript\n\nScalable JavaScript development with types, classes and modules.\n\n## Install\n\n  npm install -g typescript\n\n## Usage\n\n  tsc hello.ts\n  ',
37 silly resolved     readmeFilename: 'README.txt',
37 silly resolved     _id: 'typescript@0.8.3',
37 silly resolved     _from: 'typescript@0.8' } ]
38 info install typescript@0.8.3 into C:\Users\YosukeTorii\AppData\Roaming\npm
39 info installOne typescript@0.8.3
40 verbose from cache C:\Users\YosukeTorii\AppData\Roaming\npm-cache\typescript\0.8.3\package\package.json
41 info C:\Users\YosukeTorii\AppData\Roaming\npm\node_modules\typescript unbuild
42 verbose read json C:\Users\YosukeTorii\AppData\Roaming\npm\node_modules\typescript\package.json
43 info preuninstall typescript@0.8.3
44 info uninstall typescript@0.8.3
45 verbose true,C:\Users\YosukeTorii\AppData\Roaming\npm\node_modules,C:\Users\YosukeTorii\AppData\Roaming\npm\node_modules unbuild typescript@0.8.3
46 verbose C:\Users\YosukeTorii\AppData\Roaming\npm,[object Object] binRoot
47 info postuninstall typescript@0.8.3
48 verbose tar unpack C:\Users\YosukeTorii\AppData\Roaming\npm-cache\typescript\0.8.3\package.tgz
49 silly lockFile 8f5e1aac-ming-npm-node-modules-typescript C:\Users\YosukeTorii\AppData\Roaming\npm\node_modules\typescript
50 verbose lock C:\Users\YosukeTorii\AppData\Roaming\npm\node_modules\typescript C:\Users\YosukeTorii\AppData\Roaming\npm-cache\8f5e1aac-ming-npm-node-modules-typescript.lock
51 silly lockFile d61b4386-che-typescript-0-8-3-package-tgz C:\Users\YosukeTorii\AppData\Roaming\npm-cache\typescript\0.8.3\package.tgz
52 verbose lock C:\Users\YosukeTorii\AppData\Roaming\npm-cache\typescript\0.8.3\package.tgz C:\Users\YosukeTorii\AppData\Roaming\npm-cache\d61b4386-che-typescript-0-8-3-package-tgz.lock
53 silly gunzTarPerm modes [ '755', '644' ]
54 silly gunzTarPerm extractEntry package.json
55 silly gunzTarPerm modified mode [ 'package.json', 438, 420 ]
56 silly gunzTarPerm extractEntry .npmignore
57 silly gunzTarPerm modified mode [ '.npmignore', 438, 420 ]
58 silly gunzTarPerm extractEntry bin/tsc.js
59 silly gunzTarPerm modified mode [ 'bin/tsc.js', 438, 420 ]
60 silly gunzTarPerm extractEntry bin/typescript.js
61 silly gunzTarPerm modified mode [ 'bin/typescript.js', 438, 420 ]
62 silly gunzTarPerm extractEntry bin/lib.d.ts
63 silly gunzTarPerm modified mode [ 'bin/lib.d.ts', 438, 420 ]
64 silly gunzTarPerm extractEntry bin/tsc
65 silly gunzTarPerm modified mode [ 'bin/tsc', 438, 420 ]
66 silly gunzTarPerm extractEntry CopyrightNotice.txt
67 silly gunzTarPerm modified mode [ 'CopyrightNotice.txt', 438, 420 ]
68 silly gunzTarPerm extractEntry LICENSE.txt
69 silly gunzTarPerm modified mode [ 'LICENSE.txt', 438, 420 ]
70 silly gunzTarPerm extractEntry README.txt
71 silly gunzTarPerm modified mode [ 'README.txt', 438, 420 ]
72 silly gunzTarPerm extractEntry ThirdPartyNoticeText.txt
73 silly gunzTarPerm modified mode [ 'ThirdPartyNoticeText.txt', 438, 420 ]
74 verbose read json C:\Users\YosukeTorii\AppData\Roaming\npm\node_modules\typescript\package.json
75 silly lockFile 8f5e1aac-ming-npm-node-modules-typescript C:\Users\YosukeTorii\AppData\Roaming\npm\node_modules\typescript
76 silly lockFile 8f5e1aac-ming-npm-node-modules-typescript C:\Users\YosukeTorii\AppData\Roaming\npm\node_modules\typescript
77 silly lockFile d61b4386-che-typescript-0-8-3-package-tgz C:\Users\YosukeTorii\AppData\Roaming\npm-cache\typescript\0.8.3\package.tgz
78 silly lockFile d61b4386-che-typescript-0-8-3-package-tgz C:\Users\YosukeTorii\AppData\Roaming\npm-cache\typescript\0.8.3\package.tgz
79 info preinstall typescript@0.8.3
80 verbose from cache C:\Users\YosukeTorii\AppData\Roaming\npm\node_modules\typescript\package.json
81 verbose readDependencies using package.json deps
82 verbose from cache C:\Users\YosukeTorii\AppData\Roaming\npm\node_modules\typescript\package.json
83 verbose readDependencies using package.json deps
84 silly resolved []
85 verbose about to build C:\Users\YosukeTorii\AppData\Roaming\npm\node_modules\typescript
86 info build C:\Users\YosukeTorii\AppData\Roaming\npm\node_modules\typescript
87 verbose from cache C:\Users\YosukeTorii\AppData\Roaming\npm\node_modules\typescript\package.json
88 verbose linkStuff [ true,
88 verbose linkStuff   'C:\\Users\\YosukeTorii\\AppData\\Roaming\\npm\\node_modules',
88 verbose linkStuff   true,
88 verbose linkStuff   'C:\\Users\\YosukeTorii\\AppData\\Roaming\\npm\\node_modules' ]
89 info linkStuff typescript@0.8.3
90 verbose read json C:\NodeJS\nodio2\package.json
91 warn package.json nodio2@0.0.1 No repository field.
92 verbose linkBins typescript@0.8.3
93 verbose link bins [ { tsc: './bin/tsc' },
93 verbose link bins   'C:\\Users\\YosukeTorii\\AppData\\Roaming\\npm',
93 verbose link bins   true ]
94 verbose linkMans typescript@0.8.3
95 verbose rebuildBundles typescript@0.8.3
96 info install typescript@0.8.3
97 info postinstall typescript@0.8.3
98 verbose read json C:\Users\YosukeTorii\AppData\Roaming\npm\package.json
99 verbose read json C:\Users\YosukeTorii\AppData\Roaming\npm\node_modules\coffee-script\package.json
100 verbose read json C:\Users\YosukeTorii\AppData\Roaming\npm\node_modules\haxemine\package.json
101 verbose read json C:\Users\YosukeTorii\AppData\Roaming\npm\node_modules\jitsu\package.json
102 verbose read json C:\Users\YosukeTorii\AppData\Roaming\npm\node_modules\jshint\package.json
103 verbose read json C:\Users\YosukeTorii\AppData\Roaming\npm\node_modules\node-gyp\package.json
104 verbose read json C:\Users\YosukeTorii\AppData\Roaming\npm\node_modules\testacular\package.json
105 verbose read json C:\Users\YosukeTorii\AppData\Roaming\npm\node_modules\tsd\package.json
106 verbose from cache C:\Users\YosukeTorii\AppData\Roaming\npm\node_modules\typescript\package.json
107 warn package.json haxemine@0.0.1 No repository field.
108 warn package.json jshint@0.9.1 No repository field.
109 warn package.json tsd@0.3.1 No repository field.
110 verbose read json C:\Users\YosukeTorii\AppData\Roaming\npm\node_modules\haxemine\node_modules\async\package.json
111 verbose read json C:\Users\YosukeTorii\AppData\Roaming\npm\node_modules\haxemine\node_modules\ejs\package.json
112 verbose read json C:\Users\YosukeTorii\AppData\Roaming\npm\node_modules\haxemine\node_modules\express\package.json
113 verbose read json C:\Users\YosukeTorii\AppData\Roaming\npm\node_modules\haxemine\node_modules\log4js\package.json
114 verbose read json C:\Users\YosukeTorii\AppData\Roaming\npm\node_modules\haxemine\node_modules\socket.io\package.json
115 verbose read json C:\Users\YosukeTorii\AppData\Roaming\npm\node_modules\haxemine\node_modules\source-map-support\package.json
116 verbose read json C:\Users\YosukeTorii\AppData\Roaming\npm\node_modules\jitsu\node_modules\colors\package.json
117 verbose read json C:\Users\YosukeTorii\AppData\Roaming\npm\node_modules\jitsu\node_modules\complete\package.json
118 verbose read json C:\Users\YosukeTorii\AppData\Roaming\npm\node_modules\jitsu\node_modules\dateformat\package.json
119 verbose read json C:\Users\YosukeTorii\AppData\Roaming\npm\node_modules\jitsu\node_modules\flatiron\package.json
120 verbose read json C:\Users\YosukeTorii\AppData\Roaming\npm\node_modules\jitsu\node_modules\flatiron-cli-config\package.json
121 verbose read json C:\Users\YosukeTorii\AppData\Roaming\npm\node_modules\jitsu\node_modules\flatiron-cli-users\package.json
122 verbose read json C:\Users\YosukeTorii\AppData\Roaming\npm\node_modules\jitsu\node_modules\fstream\package.json
123 verbose read json C:\Users\YosukeTorii\AppData\Roaming\npm\node_modules\jitsu\node_modules\fstream-npm\package.json
124 verbose read json C:\Users\YosukeTorii\AppData\Roaming\npm\node_modules\jitsu\node_modules\ladder\package.json
125 verbose read json C:\Users\YosukeTorii\AppData\Roaming\npm\node_modules\jitsu\node_modules\nodejitsu-api\package.json
126 verbose read json C:\Users\YosukeTorii\AppData\Roaming\npm\node_modules\jitsu\node_modules\npm\package.json
127 verbose read json C:\Users\YosukeTorii\AppData\Roaming\npm\node_modules\jitsu\node_modules\opener\package.json
128 verbose read json C:\Users\YosukeTorii\AppData\Roaming\npm\node_modules\jitsu\node_modules\pkginfo\package.json
129 verbose read json C:\Users\YosukeTorii\AppData\Roaming\npm\node_modules\jitsu\node_modules\progress\package.json
130 verbose read json C:\Users\YosukeTorii\AppData\Roaming\npm\node_modules\jitsu\node_modules\request\package.json
131 verbose read json C:\Users\YosukeTorii\AppData\Roaming\npm\node_modules\jitsu\node_modules\require-analyzer\package.json
132 verbose read json C:\Users\YosukeTorii\AppData\Roaming\npm\node_modules\jitsu\node_modules\semver\package.json
133 verbose read json C:\Users\YosukeTorii\AppData\Roaming\npm\node_modules\jitsu\node_modules\spawn-command\package.json
134 verbose read json C:\Users\YosukeTorii\AppData\Roaming\npm\node_modules\jitsu\node_modules\tar\package.json
135 verbose read json C:\Users\YosukeTorii\AppData\Roaming\npm\node_modules\jitsu\node_modules\wizard\package.json
136 verbose read json C:\Users\YosukeTorii\AppData\Roaming\npm\node_modules\jshint\node_modules\cli\package.json
137 verbose read json C:\Users\YosukeTorii\AppData\Roaming\npm\node_modules\jshint\node_modules\minimatch\package.json
138 verbose read json C:\Users\YosukeTorii\AppData\Roaming\npm\node_modules\node-gyp\node_modules\fstream\package.json
139 verbose read json C:\Users\YosukeTorii\AppData\Roaming\npm\node_modules\node-gyp\node_modules\glob\package.json
140 verbose read json C:\Users\YosukeTorii\AppData\Roaming\npm\node_modules\node-gyp\node_modules\graceful-fs\package.json
141 verbose read json C:\Users\YosukeTorii\AppData\Roaming\npm\node_modules\node-gyp\node_modules\minimatch\package.json
142 verbose read json C:\Users\YosukeTorii\AppData\Roaming\npm\node_modules\node-gyp\node_modules\mkdirp\package.json
143 verbose read json C:\Users\YosukeTorii\AppData\Roaming\npm\node_modules\node-gyp\node_modules\nopt\package.json
144 verbose read json C:\Users\YosukeTorii\AppData\Roaming\npm\node_modules\node-gyp\node_modules\npmlog\package.json
145 verbose read json C:\Users\YosukeTorii\AppData\Roaming\npm\node_modules\node-gyp\node_modules\osenv\package.json
146 verbose read json C:\Users\YosukeTorii\AppData\Roaming\npm\node_modules\node-gyp\node_modules\request\package.json
147 verbose read json C:\Users\YosukeTorii\AppData\Roaming\npm\node_modules\node-gyp\node_modules\rimraf\package.json
148 verbose read json C:\Users\YosukeTorii\AppData\Roaming\npm\node_modules\node-gyp\node_modules\semver\package.json
149 verbose read json C:\Users\YosukeTorii\AppData\Roaming\npm\node_modules\node-gyp\node_modules\tar\package.json
150 verbose read json C:\Users\YosukeTorii\AppData\Roaming\npm\node_modules\node-gyp\node_modules\which\package.json
151 verbose read json C:\Users\YosukeTorii\AppData\Roaming\npm\node_modules\testacular\node_modules\chokidar\package.json
152 verbose read json C:\Users\YosukeTorii\AppData\Roaming\npm\node_modules\testacular\node_modules\coffee-script\package.json
153 verbose read json C:\Users\YosukeTorii\AppData\Roaming\npm\node_modules\testacular\node_modules\colors\package.json
154 verbose read json C:\Users\YosukeTorii\AppData\Roaming\npm\node_modules\testacular\node_modules\dateformat\package.json
155 verbose read json C:\Users\YosukeTorii\AppData\Roaming\npm\node_modules\testacular\node_modules\glob\package.json
156 verbose read json C:\Users\YosukeTorii\AppData\Roaming\npm\node_modules\testacular\node_modules\growly\package.json
157 verbose read json C:\Users\YosukeTorii\AppData\Roaming\npm\node_modules\testacular\node_modules\http-proxy\package.json
158 verbose read json C:\Users\YosukeTorii\AppData\Roaming\npm\node_modules\testacular\node_modules\istanbul\package.json
159 verbose read json C:\Users\YosukeTorii\AppData\Roaming\npm\node_modules\testacular\node_modules\LiveScript\package.json
160 verbose read json C:\Users\YosukeTorii\AppData\Roaming\npm\node_modules\testacular\node_modules\lodash\package.json
161 verbose read json C:\Users\YosukeTorii\AppData\Roaming\npm\node_modules\testacular\node_modules\log4js\package.json
162 verbose read json C:\Users\YosukeTorii\AppData\Roaming\npm\node_modules\testacular\node_modules\mime\package.json
163 verbose read json C:\Users\YosukeTorii\AppData\Roaming\npm\node_modules\testacular\node_modules\minimatch\package.json
164 verbose read json C:\Users\YosukeTorii\AppData\Roaming\npm\node_modules\testacular\node_modules\optimist\package.json
165 verbose read json C:\Users\YosukeTorii\AppData\Roaming\npm\node_modules\testacular\node_modules\pause\package.json
166 verbose read json C:\Users\YosukeTorii\AppData\Roaming\npm\node_modules\testacular\node_modules\q\package.json
167 verbose read json C:\Users\YosukeTorii\AppData\Roaming\npm\node_modules\testacular\node_modules\rimraf\package.json
168 verbose read json C:\Users\YosukeTorii\AppData\Roaming\npm\node_modules\testacular\node_modules\socket.io\package.json
169 verbose read json C:\Users\YosukeTorii\AppData\Roaming\npm\node_modules\testacular\node_modules\xmlbuilder\package.json
170 verbose read json C:\Users\YosukeTorii\AppData\Roaming\npm\node_modules\tsd\node_modules\request\package.json
171 warn package.json source-map-support@0.1.6 No repository field.
172 warn package.json dateformat@1.0.2-1.2.3 No repository field.
173 warn package.json ladder@0.0.0 No repository field.
174 warn package.json progress@0.1.0 No repository field.
175 warn package.json spawn-command@0.0.2 No repository field.
176 warn package.json wizard@0.0.1 No repository field.
177 warn package.json istanbul@0.1.22 No repository field.
178 warn package.json pause@0.0.1 No repository field.
179 verbose read json C:\Users\YosukeTorii\AppData\Roaming\npm\node_modules\haxemine\node_modules\source-map-support\node_modules\source-map\package.json
180 verbose read json C:\Users\YosukeTorii\AppData\Roaming\npm\node_modules\haxemine\node_modules\log4js\node_modules\async\package.json
181 verbose read json C:\Users\YosukeTorii\AppData\Roaming\npm\node_modules\haxemine\node_modules\log4js\node_modules\dequeue\package.json
182 verbose read json C:\Users\YosukeTorii\AppData\Roaming\npm\node_modules\haxemine\node_modules\log4js\node_modules\readable-stream\package.json
183 verbose read json C:\Users\YosukeTorii\AppData\Roaming\npm\node_modules\haxemine\node_modules\log4js\node_modules\semver\package.json
184 verbose read json C:\Users\YosukeTorii\AppData\Roaming\npm\node_modules\haxemine\node_modules\socket.io\node_modules\base64id\package.json
185 verbose read json C:\Users\YosukeTorii\AppData\Roaming\npm\node_modules\haxemine\node_modules\socket.io\node_modules\policyfile\package.json
186 verbose read json C:\Users\YosukeTorii\AppData\Roaming\npm\node_modules\haxemine\node_modules\socket.io\node_modules\redis\package.json
187 verbose read json C:\Users\YosukeTorii\AppData\Roaming\npm\node_modules\haxemine\node_modules\socket.io\node_modules\socket.io-client\package.json
188 verbose read json C:\Users\YosukeTorii\AppData\Roaming\npm\node_modules\haxemine\node_modules\express\node_modules\commander\package.json
189 verbose read json C:\Users\YosukeTorii\AppData\Roaming\npm\node_modules\haxemine\node_modules\express\node_modules\connect\package.json
190 verbose read json C:\Users\YosukeTorii\AppData\Roaming\npm\node_modules\haxemine\node_modules\express\node_modules\cookie\package.json
191 verbose read json C:\Users\YosukeTorii\AppData\Roaming\npm\node_modules\haxemine\node_modules\express\node_modules\crc\package.json
192 verbose read json C:\Users\YosukeTorii\AppData\Roaming\npm\node_modules\haxemine\node_modules\express\node_modules\debug\package.json
193 verbose read json C:\Users\YosukeTorii\AppData\Roaming\npm\node_modules\haxemine\node_modules\express\node_modules\fresh\package.json
194 verbose read json C:\Users\YosukeTorii\AppData\Roaming\npm\node_modules\haxemine\node_modules\express\node_modules\methods\package.json
195 verbose read json C:\Users\YosukeTorii\AppData\Roaming\npm\node_modules\haxemine\node_modules\express\node_modules\mkdirp\package.json
196 verbose read json C:\Users\YosukeTorii\AppData\Roaming\npm\node_modules\haxemine\node_modules\express\node_modules\range-parser\package.json
197 verbose read json C:\Users\YosukeTorii\AppData\Roaming\npm\node_modules\haxemine\node_modules\express\node_modules\send\package.json
198 verbose read json C:\Users\YosukeTorii\AppData\Roaming\npm\node_modules\jitsu\node_modules\flatiron\node_modules\broadway\package.json
199 verbose read json C:\Users\YosukeTorii\AppData\Roaming\npm\node_modules\jitsu\node_modules\flatiron\node_modules\director\package.json
200 verbose read json C:\Users\YosukeTorii\AppData\Roaming\npm\node_modules\jitsu\node_modules\flatiron\node_modules\optimist\package.json
201 verbose read json C:\Users\YosukeTorii\AppData\Roaming\npm\node_modules\jitsu\node_modules\flatiron\node_modules\prompt\package.json
202 verbose read json C:\Users\YosukeTorii\AppData\Roaming\npm\node_modules\jitsu\node_modules\fstream\node_modules\graceful-fs\package.json
203 verbose read json C:\Users\YosukeTorii\AppData\Roaming\npm\node_modules\jitsu\node_modules\fstream\node_modules\inherits\package.json
204 verbose read json C:\Users\YosukeTorii\AppData\Roaming\npm\node_modules\jitsu\node_modules\fstream\node_modules\mkdirp\package.json
205 verbose read json C:\Users\YosukeTorii\AppData\Roaming\npm\node_modules\jitsu\node_modules\fstream\node_modules\rimraf\package.json
206 verbose read json C:\Users\YosukeTorii\AppData\Roaming\npm\node_modules\jitsu\node_modules\fstream-npm\node_modules\fstream-ignore\package.json
207 verbose read json C:\Users\YosukeTorii\AppData\Roaming\npm\node_modules\jitsu\node_modules\fstream-npm\node_modules\inherits\package.json
208 verbose read json C:\Users\YosukeTorii\AppData\Roaming\npm\node_modules\jitsu\node_modules\npm\node_modules\abbrev\package.json
209 verbose read json C:\Users\YosukeTorii\AppData\Roaming\npm\node_modules\jitsu\node_modules\npm\node_modules\ansi\package.json
210 verbose read json C:\Users\YosukeTorii\AppData\Roaming\npm\node_modules\jitsu\node_modules\npm\node_modules\archy\package.json
211 verbose read json C:\Users\YosukeTorii\AppData\Roaming\npm\node_modules\jitsu\node_modules\npm\node_modules\block-stream\package.json
212 verbose read json C:\Users\YosukeTorii\AppData\Roaming\npm\node_modules\jitsu\node_modules\npm\node_modules\chownr\package.json
213 verbose read json C:\Users\YosukeTorii\AppData\Roaming\npm\node_modules\jitsu\node_modules\npm\node_modules\couch-login\package.json
214 verbose read json C:\Users\YosukeTorii\AppData\Roaming\npm\node_modules\jitsu\node_modules\npm\node_modules\fstream\package.json
215 verbose read json C:\Users\YosukeTorii\AppData\Roaming\npm\node_modules\jitsu\node_modules\npm\node_modules\fstream-npm\package.json
216 verbose read json C:\Users\YosukeTorii\AppData\Roaming\npm\node_modules\jitsu\node_modules\npm\node_modules\glob\package.json
217 verbose read json C:\Users\YosukeTorii\AppData\Roaming\npm\node_modules\jitsu\node_modules\npm\node_modules\graceful-fs\package.json
218 verbose read json C:\Users\YosukeTorii\AppData\Roaming\npm\node_modules\jitsu\node_modules\npm\node_modules\inherits\package.json
219 verbose read json C:\Users\YosukeTorii\AppData\Roaming\npm\node_modules\jitsu\node_modules\npm\node_modules\ini\package.json
220 verbose read json C:\Users\YosukeTorii\AppData\Roaming\npm\node_modules\jitsu\node_modules\npm\node_modules\init-package-json\package.json
221 verbose read json C:\Users\YosukeTorii\AppData\Roaming\npm\node_modules\jitsu\node_modules\npm\node_modules\lockfile\package.json
222 verbose read json C:\Users\YosukeTorii\AppData\Roaming\npm\node_modules\jitsu\node_modules\npm\node_modules\lru-cache\package.json
223 verbose read json C:\Users\YosukeTorii\AppData\Roaming\npm\node_modules\jitsu\node_modules\npm\node_modules\minimatch\package.json
224 verbose read json C:\Users\YosukeTorii\AppData\Roaming\npm\node_modules\jitsu\node_modules\npm\node_modules\mkdirp\package.json
225 verbose read json C:\Users\YosukeTorii\AppData\Roaming\npm\node_modules\jitsu\node_modules\npm\node_modules\node-gyp\package.json
226 verbose read json C:\Users\YosukeTorii\AppData\Roaming\npm\node_modules\jitsu\node_modules\npm\node_modules\nopt\package.json
227 verbose read json C:\Users\YosukeTorii\AppData\Roaming\npm\node_modules\jitsu\node_modules\npm\node_modules\npm-registry-client\package.json
228 verbose read json C:\Users\YosukeTorii\AppData\Roaming\npm\node_modules\jitsu\node_modules\npm\node_modules\npmconf\package.json
229 verbose read json C:\Users\YosukeTorii\AppData\Roaming\npm\node_modules\jitsu\node_modules\npm\node_modules\npmlog\package.json
230 verbose read json C:\Users\YosukeTorii\AppData\Roaming\npm\node_modules\jitsu\node_modules\npm\node_modules\once\package.json
231 verbose read json C:\Users\YosukeTorii\AppData\Roaming\npm\node_modules\jitsu\node_modules\npm\node_modules\osenv\package.json
232 verbose read json C:\Users\YosukeTorii\AppData\Roaming\npm\node_modules\jitsu\node_modules\npm\node_modules\read\package.json
233 verbose read json C:\Users\YosukeTorii\AppData\Roaming\npm\node_modules\jitsu\node_modules\npm\node_modules\read-installed\package.json
234 verbose read json C:\Users\YosukeTorii\AppData\Roaming\npm\node_modules\jitsu\node_modules\npm\node_modules\read-package-json\package.json
235 verbose read json C:\Users\YosukeTorii\AppData\Roaming\npm\node_modules\jitsu\node_modules\npm\node_modules\request\package.json
236 verbose read json C:\Users\YosukeTorii\AppData\Roaming\npm\node_modules\jitsu\node_modules\npm\node_modules\retry\package.json
237 verbose read json C:\Users\YosukeTorii\AppData\Roaming\npm\node_modules\jitsu\node_modules\npm\node_modules\rimraf\package.json
238 verbose read json C:\Users\YosukeTorii\AppData\Roaming\npm\node_modules\jitsu\node_modules\npm\node_modules\semver\package.json
239 verbose read json C:\Users\YosukeTorii\AppData\Roaming\npm\node_modules\jitsu\node_modules\npm\node_modules\slide\package.json
240 verbose read json C:\Users\YosukeTorii\AppData\Roaming\npm\node_modules\jitsu\node_modules\npm\node_modules\tar\package.json
241 verbose read json C:\Users\YosukeTorii\AppData\Roaming\npm\node_modules\jitsu\node_modules\npm\node_modules\uid-number\package.json
242 verbose read json C:\Users\YosukeTorii\AppData\Roaming\npm\node_modules\jitsu\node_modules\npm\node_modules\which\package.json
243 verbose read json C:\Users\YosukeTorii\AppData\Roaming\npm\node_modules\jitsu\node_modules\require-analyzer\node_modules\detective\package.json
244 verbose read json C:\Users\YosukeTorii\AppData\Roaming\npm\node_modules\jitsu\node_modules\require-analyzer\node_modules\eyes\package.json
245 verbose read json C:\Users\YosukeTorii\AppData\Roaming\npm\node_modules\jitsu\node_modules\require-analyzer\node_modules\findit\package.json
246 verbose read json C:\Users\YosukeTorii\AppData\Roaming\npm\node_modules\jitsu\node_modules\require-analyzer\node_modules\npm\package.json
247 verbose read json C:\Users\YosukeTorii\AppData\Roaming\npm\node_modules\jitsu\node_modules\require-analyzer\node_modules\optimist\package.json
248 verbose read json C:\Users\YosukeTorii\AppData\Roaming\npm\node_modules\jitsu\node_modules\require-analyzer\node_modules\winston\package.json
249 verbose read json C:\Users\YosukeTorii\AppData\Roaming\npm\node_modules\jitsu\node_modules\tar\node_modules\block-stream\package.json
250 verbose read json C:\Users\YosukeTorii\AppData\Roaming\npm\node_modules\jitsu\node_modules\tar\node_modules\inherits\package.json
251 verbose read json C:\Users\YosukeTorii\AppData\Roaming\npm\node_modules\jshint\node_modules\cli\node_modules\glob\package.json
252 verbose read json C:\Users\YosukeTorii\AppData\Roaming\npm\node_modules\jitsu\node_modules\wizard\node_modules\prompt\package.json
253 verbose read json C:\Users\YosukeTorii\AppData\Roaming\npm\node_modules\jshint\node_modules\minimatch\node_modules\lru-cache\package.json
254 verbose read json C:\Users\YosukeTorii\AppData\Roaming\npm\node_modules\node-gyp\node_modules\fstream\node_modules\inherits\package.json
255 verbose read json C:\Users\YosukeTorii\AppData\Roaming\npm\node_modules\node-gyp\node_modules\glob\node_modules\inherits\package.json
256 verbose read json C:\Users\YosukeTorii\AppData\Roaming\npm\node_modules\node-gyp\node_modules\minimatch\node_modules\lru-cache\package.json
257 verbose read json C:\Users\YosukeTorii\AppData\Roaming\npm\node_modules\node-gyp\node_modules\minimatch\node_modules\sigmund\package.json
258 verbose read json C:\Users\YosukeTorii\AppData\Roaming\npm\node_modules\node-gyp\node_modules\nopt\node_modules\abbrev\package.json
259 verbose read json C:\Users\YosukeTorii\AppData\Roaming\npm\node_modules\node-gyp\node_modules\npmlog\node_modules\ansi\package.json
260 verbose read json C:\Users\YosukeTorii\AppData\Roaming\npm\node_modules\node-gyp\node_modules\tar\node_modules\block-stream\package.json
261 verbose read json C:\Users\YosukeTorii\AppData\Roaming\npm\node_modules\node-gyp\node_modules\tar\node_modules\inherits\package.json
262 verbose read json C:\Users\YosukeTorii\AppData\Roaming\npm\node_modules\testacular\node_modules\glob\node_modules\graceful-fs\package.json
263 verbose read json C:\Users\YosukeTorii\AppData\Roaming\npm\node_modules\testacular\node_modules\glob\node_modules\inherits\package.json
264 verbose read json C:\Users\YosukeTorii\AppData\Roaming\npm\node_modules\testacular\node_modules\istanbul\node_modules\abbrev\package.json
265 verbose read json C:\Users\YosukeTorii\AppData\Roaming\npm\node_modules\testacular\node_modules\istanbul\node_modules\async\package.json
266 verbose read json C:\Users\YosukeTorii\AppData\Roaming\npm\node_modules\testacular\node_modules\istanbul\node_modules\escodegen\package.json
267 verbose read json C:\Users\YosukeTorii\AppData\Roaming\npm\node_modules\testacular\node_modules\istanbul\node_modules\esprima\package.json
268 verbose read json C:\Users\YosukeTorii\AppData\Roaming\npm\node_modules\testacular\node_modules\istanbul\node_modules\fileset\package.json
269 verbose read json C:\Users\YosukeTorii\AppData\Roaming\npm\node_modules\testacular\node_modules\istanbul\node_modules\handlebars\package.json
270 verbose read json C:\Users\YosukeTorii\AppData\Roaming\npm\node_modules\testacular\node_modules\istanbul\node_modules\mkdirp\package.json
271 verbose read json C:\Users\YosukeTorii\AppData\Roaming\npm\node_modules\testacular\node_modules\istanbul\node_modules\nopt\package.json
272 verbose read json C:\Users\YosukeTorii\AppData\Roaming\npm\node_modules\testacular\node_modules\istanbul\node_modules\which\package.json
273 verbose read json C:\Users\YosukeTorii\AppData\Roaming\npm\node_modules\testacular\node_modules\istanbul\node_modules\wordwrap\package.json
274 verbose read json C:\Users\YosukeTorii\AppData\Roaming\npm\node_modules\testacular\node_modules\http-proxy\node_modules\pkginfo\package.json
275 verbose read json C:\Users\YosukeTorii\AppData\Roaming\npm\node_modules\testacular\node_modules\LiveScript\node_modules\prelude-ls\package.json
276 verbose read json C:\Users\YosukeTorii\AppData\Roaming\npm\node_modules\testacular\node_modules\log4js\node_modules\async\package.json
277 verbose read json C:\Users\YosukeTorii\AppData\Roaming\npm\node_modules\testacular\node_modules\minimatch\node_modules\lru-cache\package.json
278 verbose read json C:\Users\YosukeTorii\AppData\Roaming\npm\node_modules\testacular\node_modules\minimatch\node_modules\sigmund\package.json
279 verbose read json C:\Users\YosukeTorii\AppData\Roaming\npm\node_modules\testacular\node_modules\optimist\node_modules\wordwrap\package.json
280 verbose read json C:\Users\YosukeTorii\AppData\Roaming\npm\node_modules\testacular\node_modules\rimraf\node_modules\graceful-fs\package.json
281 verbose read json C:\Users\YosukeTorii\AppData\Roaming\npm\node_modules\tsd\node_modules\request\node_modules\aws-sign\package.json
282 verbose read json C:\Users\YosukeTorii\AppData\Roaming\npm\node_modules\tsd\node_modules\request\node_modules\cookie-jar\package.json
283 verbose read json C:\Users\YosukeTorii\AppData\Roaming\npm\node_modules\tsd\node_modules\request\node_modules\forever-agent\package.json
284 verbose read json C:\Users\YosukeTorii\AppData\Roaming\npm\node_modules\tsd\node_modules\request\node_modules\form-data\package.json
285 verbose read json C:\Users\YosukeTorii\AppData\Roaming\npm\node_modules\tsd\node_modules\request\node_modules\hawk\package.json
286 verbose read json C:\Users\YosukeTorii\AppData\Roaming\npm\node_modules\tsd\node_modules\request\node_modules\http-signature\package.json
287 verbose read json C:\Users\YosukeTorii\AppData\Roaming\npm\node_modules\tsd\node_modules\request\node_modules\json-stringify-safe\package.json
288 verbose read json C:\Users\YosukeTorii\AppData\Roaming\npm\node_modules\tsd\node_modules\request\node_modules\mime\package.json
289 verbose read json C:\Users\YosukeTorii\AppData\Roaming\npm\node_modules\tsd\node_modules\request\node_modules\node-uuid\package.json
290 verbose read json C:\Users\YosukeTorii\AppData\Roaming\npm\node_modules\tsd\node_modules\request\node_modules\oauth-sign\package.json
291 verbose read json C:\Users\YosukeTorii\AppData\Roaming\npm\node_modules\tsd\node_modules\request\node_modules\qs\package.json
292 verbose read json C:\Users\YosukeTorii\AppData\Roaming\npm\node_modules\tsd\node_modules\request\node_modules\tunnel-agent\package.json
293 verbose read json C:\Users\YosukeTorii\AppData\Roaming\npm\node_modules\testacular\node_modules\socket.io\node_modules\base64id\package.json
294 verbose read json C:\Users\YosukeTorii\AppData\Roaming\npm\node_modules\testacular\node_modules\socket.io\node_modules\policyfile\package.json
295 verbose read json C:\Users\YosukeTorii\AppData\Roaming\npm\node_modules\testacular\node_modules\socket.io\node_modules\redis\package.json
296 verbose read json C:\Users\YosukeTorii\AppData\Roaming\npm\node_modules\testacular\node_modules\socket.io\node_modules\socket.io-client\package.json
297 warn package.json policyfile@0.0.4 No repository field.
298 warn package.json policyfile@0.0.4 'repositories' (plural) Not supported.
298 warn package.json Please pick one as the 'repository' field
299 warn package.json fresh@0.1.0 No repository field.
300 warn package.json methods@0.0.1 No repository field.
301 warn package.json range-parser@0.0.4 No repository field.
302 warn package.json send@0.1.0 No repository field.
303 warn package.json eyes@0.1.8 No repository field.
304 verbose read json C:\Users\YosukeTorii\AppData\Roaming\npm\node_modules\haxemine\node_modules\source-map-support\node_modules\source-map\node_modules\amdefine\package.json
305 verbose read json C:\Users\YosukeTorii\AppData\Roaming\npm\node_modules\haxemine\node_modules\socket.io\node_modules\socket.io-client\node_modules\active-x-obfuscator\package.json
306 verbose read json C:\Users\YosukeTorii\AppData\Roaming\npm\node_modules\haxemine\node_modules\socket.io\node_modules\socket.io-client\node_modules\uglify-js\package.json
307 verbose read json C:\Users\YosukeTorii\AppData\Roaming\npm\node_modules\haxemine\node_modules\socket.io\node_modules\socket.io-client\node_modules\ws\package.json
308 verbose read json C:\Users\YosukeTorii\AppData\Roaming\npm\node_modules\haxemine\node_modules\socket.io\node_modules\socket.io-client\node_modules\xmlhttprequest\package.json
309 verbose read json C:\Users\YosukeTorii\AppData\Roaming\npm\node_modules\haxemine\node_modules\express\node_modules\connect\node_modules\bytes\package.json
310 verbose read json C:\Users\YosukeTorii\AppData\Roaming\npm\node_modules\haxemine\node_modules\express\node_modules\connect\node_modules\formidable\package.json
311 verbose read json C:\Users\YosukeTorii\AppData\Roaming\npm\node_modules\haxemine\node_modules\express\node_modules\connect\node_modules\pause\package.json
312 verbose read json C:\Users\YosukeTorii\AppData\Roaming\npm\node_modules\haxemine\node_modules\express\node_modules\connect\node_modules\qs\package.json
313 verbose read json C:\Users\YosukeTorii\AppData\Roaming\npm\node_modules\haxemine\node_modules\express\node_modules\connect\node_modules\send\package.json
314 verbose read json C:\Users\YosukeTorii\AppData\Roaming\npm\node_modules\haxemine\node_modules\express\node_modules\send\node_modules\mime\package.json
315 verbose read json C:\Users\YosukeTorii\AppData\Roaming\npm\node_modules\jitsu\node_modules\flatiron\node_modules\broadway\node_modules\cliff\package.json
316 verbose read json C:\Users\YosukeTorii\AppData\Roaming\npm\node_modules\jitsu\node_modules\flatiron\node_modules\broadway\node_modules\eventemitter2\package.json
317 verbose read json C:\Users\YosukeTorii\AppData\Roaming\npm\node_modules\jitsu\node_modules\flatiron\node_modules\broadway\node_modules\nconf\package.json
318 verbose read json C:\Users\YosukeTorii\AppData\Roaming\npm\node_modules\jitsu\node_modules\flatiron\node_modules\broadway\node_modules\utile\package.json
319 verbose read json C:\Users\YosukeTorii\AppData\Roaming\npm\node_modules\jitsu\node_modules\flatiron\node_modules\broadway\node_modules\winston\package.json
320 verbose read json C:\Users\YosukeTorii\AppData\Roaming\npm\node_modules\jitsu\node_modules\flatiron\node_modules\optimist\node_modules\wordwrap\package.json
321 verbose read json C:\Users\YosukeTorii\AppData\Roaming\npm\node_modules\jitsu\node_modules\flatiron\node_modules\prompt\node_modules\read\package.json
322 verbose read json C:\Users\YosukeTorii\AppData\Roaming\npm\node_modules\jitsu\node_modules\flatiron\node_modules\prompt\node_modules\revalidator\package.json
323 verbose read json C:\Users\YosukeTorii\AppData\Roaming\npm\node_modules\jitsu\node_modules\flatiron\node_modules\prompt\node_modules\utile\package.json
324 verbose read json C:\Users\YosukeTorii\AppData\Roaming\npm\node_modules\jitsu\node_modules\flatiron\node_modules\prompt\node_modules\winston\package.json
325 verbose read json C:\Users\YosukeTorii\AppData\Roaming\npm\node_modules\jitsu\node_modules\fstream-npm\node_modules\fstream-ignore\node_modules\minimatch\package.json
326 verbose read json C:\Users\YosukeTorii\AppData\Roaming\npm\node_modules\jitsu\node_modules\npm\node_modules\fstream-npm\node_modules\fstream-ignore\package.json
327 verbose read json C:\Users\YosukeTorii\AppData\Roaming\npm\node_modules\jitsu\node_modules\npm\node_modules\init-package-json\node_modules\promzard\package.json
328 verbose read json C:\Users\YosukeTorii\AppData\Roaming\npm\node_modules\jitsu\node_modules\npm\node_modules\npmconf\node_modules\config-chain\package.json
329 verbose read json C:\Users\YosukeTorii\AppData\Roaming\npm\node_modules\jitsu\node_modules\npm\node_modules\read\node_modules\mute-stream\package.json
330 verbose read json C:\Users\YosukeTorii\AppData\Roaming\npm\node_modules\jitsu\node_modules\require-analyzer\node_modules\detective\node_modules\burrito\package.json
331 verbose read json C:\Users\YosukeTorii\AppData\Roaming\npm\node_modules\jitsu\node_modules\require-analyzer\node_modules\findit\node_modules\seq\package.json
332 verbose read json C:\Users\YosukeTorii\AppData\Roaming\npm\node_modules\jitsu\node_modules\require-analyzer\node_modules\npm\node_modules\abbrev\package.json
333 verbose read json C:\Users\YosukeTorii\AppData\Roaming\npm\node_modules\jitsu\node_modules\require-analyzer\node_modules\npm\node_modules\block-stream\package.json
334 verbose read json C:\Users\YosukeTorii\AppData\Roaming\npm\node_modules\jitsu\node_modules\require-analyzer\node_modules\npm\node_modules\fast-list\package.json
335 verbose read json C:\Users\YosukeTorii\AppData\Roaming\npm\node_modules\jitsu\node_modules\require-analyzer\node_modules\npm\node_modules\fstream\package.json
336 verbose read json C:\Users\YosukeTorii\AppData\Roaming\npm\node_modules\jitsu\node_modules\require-analyzer\node_modules\npm\node_modules\graceful-fs\package.json
337 verbose read json C:\Users\YosukeTorii\AppData\Roaming\npm\node_modules\jitsu\node_modules\require-analyzer\node_modules\npm\node_modules\inherits\package.json
338 verbose read json C:\Users\YosukeTorii\AppData\Roaming\npm\node_modules\jitsu\node_modules\require-analyzer\node_modules\npm\node_modules\ini\package.json
339 verbose read json C:\Users\YosukeTorii\AppData\Roaming\npm\node_modules\jitsu\node_modules\require-analyzer\node_modules\npm\node_modules\lru-cache\package.json
340 verbose read json C:\Users\YosukeTorii\AppData\Roaming\npm\node_modules\jitsu\node_modules\require-analyzer\node_modules\npm\node_modules\minimatch\package.json
341 verbose read json C:\Users\YosukeTorii\AppData\Roaming\npm\node_modules\jitsu\node_modules\require-analyzer\node_modules\npm\node_modules\mkdirp\package.json
342 verbose read json C:\Users\YosukeTorii\AppData\Roaming\npm\node_modules\jitsu\node_modules\require-analyzer\node_modules\npm\node_modules\node-uuid\package.json
343 verbose read json C:\Users\YosukeTorii\AppData\Roaming\npm\node_modules\jitsu\node_modules\require-analyzer\node_modules\npm\node_modules\nopt\package.json
344 verbose read json C:\Users\YosukeTorii\AppData\Roaming\npm\node_modules\jitsu\node_modules\require-analyzer\node_modules\npm\node_modules\proto-list\package.json
345 verbose read json C:\Users\YosukeTorii\AppData\Roaming\npm\node_modules\jitsu\node_modules\require-analyzer\node_modules\npm\node_modules\read\package.json
346 verbose read json C:\Users\YosukeTorii\AppData\Roaming\npm\node_modules\jitsu\node_modules\require-analyzer\node_modules\npm\node_modules\request\package.json
347 verbose read json C:\Users\YosukeTorii\AppData\Roaming\npm\node_modules\jitsu\node_modules\require-analyzer\node_modules\npm\node_modules\rimraf\package.json
348 verbose read json C:\Users\YosukeTorii\AppData\Roaming\npm\node_modules\jitsu\node_modules\require-analyzer\node_modules\npm\node_modules\semver\package.json
349 verbose read json C:\Users\YosukeTorii\AppData\Roaming\npm\node_modules\jitsu\node_modules\require-analyzer\node_modules\npm\node_modules\slide\package.json
350 verbose read json C:\Users\YosukeTorii\AppData\Roaming\npm\node_modules\jitsu\node_modules\require-analyzer\node_modules\npm\node_modules\tar\package.json
351 verbose read json C:\Users\YosukeTorii\AppData\Roaming\npm\node_modules\jitsu\node_modules\require-analyzer\node_modules\npm\node_modules\which\package.json
352 verbose read json C:\Users\YosukeTorii\AppData\Roaming\npm\node_modules\jitsu\node_modules\require-analyzer\node_modules\optimist\node_modules\wordwrap\package.json
353 verbose read json C:\Users\YosukeTorii\AppData\Roaming\npm\node_modules\jitsu\node_modules\require-analyzer\node_modules\winston\node_modules\async\package.json
354 verbose read json C:\Users\YosukeTorii\AppData\Roaming\npm\node_modules\jitsu\node_modules\require-analyzer\node_modules\winston\node_modules\loggly\package.json
355 verbose read json C:\Users\YosukeTorii\AppData\Roaming\npm\node_modules\jitsu\node_modules\require-analyzer\node_modules\winston\node_modules\stack-trace\package.json
356 verbose read json C:\Users\YosukeTorii\AppData\Roaming\npm\node_modules\jshint\node_modules\cli\node_modules\glob\node_modules\graceful-fs\package.json
357 verbose read json C:\Users\YosukeTorii\AppData\Roaming\npm\node_modules\jshint\node_modules\cli\node_modules\glob\node_modules\inherits\package.json
358 verbose read json C:\Users\YosukeTorii\AppData\Roaming\npm\node_modules\jshint\node_modules\cli\node_modules\glob\node_modules\minimatch\package.json
359 verbose read json C:\Users\YosukeTorii\AppData\Roaming\npm\node_modules\jitsu\node_modules\wizard\node_modules\prompt\node_modules\read\package.json
360 verbose read json C:\Users\YosukeTorii\AppData\Roaming\npm\node_modules\jitsu\node_modules\wizard\node_modules\prompt\node_modules\revalidator\package.json
361 verbose read json C:\Users\YosukeTorii\AppData\Roaming\npm\node_modules\jitsu\node_modules\wizard\node_modules\prompt\node_modules\utile\package.json
362 verbose read json C:\Users\YosukeTorii\AppData\Roaming\npm\node_modules\jitsu\node_modules\wizard\node_modules\prompt\node_modules\winston\package.json
363 verbose read json C:\Users\YosukeTorii\AppData\Roaming\npm\node_modules\testacular\node_modules\istanbul\node_modules\escodegen\node_modules\esprima\package.json
364 verbose read json C:\Users\YosukeTorii\AppData\Roaming\npm\node_modules\testacular\node_modules\istanbul\node_modules\escodegen\node_modules\estraverse\package.json
365 verbose read json C:\Users\YosukeTorii\AppData\Roaming\npm\node_modules\testacular\node_modules\istanbul\node_modules\escodegen\node_modules\source-map\package.json
366 verbose read json C:\Users\YosukeTorii\AppData\Roaming\npm\node_modules\testacular\node_modules\istanbul\node_modules\handlebars\node_modules\uglify-js\package.json
367 verbose read json C:\Users\YosukeTorii\AppData\Roaming\npm\node_modules\tsd\node_modules\request\node_modules\form-data\node_modules\async\package.json
368 verbose read json C:\Users\YosukeTorii\AppData\Roaming\npm\node_modules\tsd\node_modules\request\node_modules\form-data\node_modules\combined-stream\package.json
369 verbose read json C:\Users\YosukeTorii\AppData\Roaming\npm\node_modules\tsd\node_modules\request\node_modules\hawk\node_modules\boom\package.json
370 verbose read json C:\Users\YosukeTorii\AppData\Roaming\npm\node_modules\tsd\node_modules\request\node_modules\hawk\node_modules\cryptiles\package.json
371 verbose read json C:\Users\YosukeTorii\AppData\Roaming\npm\node_modules\tsd\node_modules\request\node_modules\hawk\node_modules\hoek\package.json
372 verbose read json C:\Users\YosukeTorii\AppData\Roaming\npm\node_modules\tsd\node_modules\request\node_modules\hawk\node_modules\sntp\package.json
373 verbose read json C:\Users\YosukeTorii\AppData\Roaming\npm\node_modules\tsd\node_modules\request\node_modules\http-signature\node_modules\asn1\package.json
374 verbose read json C:\Users\YosukeTorii\AppData\Roaming\npm\node_modules\tsd\node_modules\request\node_modules\http-signature\node_modules\assert-plus\package.json
375 verbose read json C:\Users\YosukeTorii\AppData\Roaming\npm\node_modules\tsd\node_modules\request\node_modules\http-signature\node_modules\ctype\package.json
376 verbose read json C:\Users\YosukeTorii\AppData\Roaming\npm\node_modules\testacular\node_modules\socket.io\node_modules\socket.io-client\node_modules\active-x-obfuscator\package.json
377 verbose read json C:\Users\YosukeTorii\AppData\Roaming\npm\node_modules\testacular\node_modules\socket.io\node_modules\socket.io-client\node_modules\uglify-js\package.json
378 verbose read json C:\Users\YosukeTorii\AppData\Roaming\npm\node_modules\testacular\node_modules\socket.io\node_modules\socket.io-client\node_modules\ws\package.json
379 verbose read json C:\Users\YosukeTorii\AppData\Roaming\npm\node_modules\testacular\node_modules\socket.io\node_modules\socket.io-client\node_modules\xmlhttprequest\package.json
380 warn package.json bytes@0.1.0 No repository field.
381 warn package.json formidable@1.0.11 No repository field.
382 warn package.json send@0.0.4 No repository field.
383 warn package.json eventemitter2@0.4.9 No repository field.
384 warn package.json eventemitter2@0.4.9 'repositories' (plural) Not supported.
384 warn package.json Please pick one as the 'repository' field
385 warn package.json assert-plus@0.1.2 No repository field.
386 warn package.json ctype@0.5.2 No repository field.
387 warn package.json node-uuid@1.3.3 No repository field.
388 verbose read json C:\Users\YosukeTorii\AppData\Roaming\npm\node_modules\haxemine\node_modules\socket.io\node_modules\socket.io-client\node_modules\active-x-obfuscator\node_modules\zeparser\package.json
389 verbose read json C:\Users\YosukeTorii\AppData\Roaming\npm\node_modules\haxemine\node_modules\socket.io\node_modules\socket.io-client\node_modules\ws\node_modules\commander\package.json
390 verbose read json C:\Users\YosukeTorii\AppData\Roaming\npm\node_modules\haxemine\node_modules\socket.io\node_modules\socket.io-client\node_modules\ws\node_modules\options\package.json
391 verbose read json C:\Users\YosukeTorii\AppData\Roaming\npm\node_modules\haxemine\node_modules\socket.io\node_modules\socket.io-client\node_modules\ws\node_modules\tinycolor\package.json
392 verbose read json C:\Users\YosukeTorii\AppData\Roaming\npm\node_modules\haxemine\node_modules\express\node_modules\connect\node_modules\send\node_modules\mime\package.json
393 verbose read json C:\Users\YosukeTorii\AppData\Roaming\npm\node_modules\jitsu\node_modules\flatiron\node_modules\broadway\node_modules\cliff\node_modules\eyes\package.json
394 verbose read json C:\Users\YosukeTorii\AppData\Roaming\npm\node_modules\jitsu\node_modules\flatiron\node_modules\broadway\node_modules\nconf\node_modules\async\package.json
395 verbose read json C:\Users\YosukeTorii\AppData\Roaming\npm\node_modules\jitsu\node_modules\flatiron\node_modules\broadway\node_modules\nconf\node_modules\ini\package.json
396 verbose read json C:\Users\YosukeTorii\AppData\Roaming\npm\node_modules\jitsu\node_modules\flatiron\node_modules\broadway\node_modules\utile\node_modules\async\package.json
397 verbose read json C:\Users\YosukeTorii\AppData\Roaming\npm\node_modules\jitsu\node_modules\flatiron\node_modules\broadway\node_modules\utile\node_modules\deep-equal\package.json
398 verbose read json C:\Users\YosukeTorii\AppData\Roaming\npm\node_modules\jitsu\node_modules\flatiron\node_modules\broadway\node_modules\utile\node_modules\i\package.json
399 verbose read json C:\Users\YosukeTorii\AppData\Roaming\npm\node_modules\jitsu\node_modules\flatiron\node_modules\broadway\node_modules\utile\node_modules\mkdirp\package.json
400 verbose read json C:\Users\YosukeTorii\AppData\Roaming\npm\node_modules\jitsu\node_modules\flatiron\node_modules\broadway\node_modules\utile\node_modules\ncp\package.json
401 verbose read json C:\Users\YosukeTorii\AppData\Roaming\npm\node_modules\jitsu\node_modules\flatiron\node_modules\broadway\node_modules\utile\node_modules\rimraf\package.json
402 verbose read json C:\Users\YosukeTorii\AppData\Roaming\npm\node_modules\jitsu\node_modules\flatiron\node_modules\broadway\node_modules\winston\node_modules\async\package.json
403 verbose read json C:\Users\YosukeTorii\AppData\Roaming\npm\node_modules\jitsu\node_modules\flatiron\node_modules\broadway\node_modules\winston\node_modules\cycle\package.json
404 verbose read json C:\Users\YosukeTorii\AppData\Roaming\npm\node_modules\jitsu\node_modules\flatiron\node_modules\broadway\node_modules\winston\node_modules\eyes\package.json
405 verbose read json C:\Users\YosukeTorii\AppData\Roaming\npm\node_modules\jitsu\node_modules\flatiron\node_modules\broadway\node_modules\winston\node_modules\stack-trace\package.json
406 verbose read json C:\Users\YosukeTorii\AppData\Roaming\npm\node_modules\jitsu\node_modules\flatiron\node_modules\prompt\node_modules\read\node_modules\mute-stream\package.json
407 verbose read json C:\Users\YosukeTorii\AppData\Roaming\npm\node_modules\jitsu\node_modules\flatiron\node_modules\prompt\node_modules\utile\node_modules\async\package.json
408 verbose read json C:\Users\YosukeTorii\AppData\Roaming\npm\node_modules\jitsu\node_modules\flatiron\node_modules\prompt\node_modules\utile\node_modules\deep-equal\package.json
409 verbose read json C:\Users\YosukeTorii\AppData\Roaming\npm\node_modules\jitsu\node_modules\flatiron\node_modules\prompt\node_modules\utile\node_modules\i\package.json
410 verbose read json C:\Users\YosukeTorii\AppData\Roaming\npm\node_modules\jitsu\node_modules\flatiron\node_modules\prompt\node_modules\utile\node_modules\mkdirp\package.json
411 verbose read json C:\Users\YosukeTorii\AppData\Roaming\npm\node_modules\jitsu\node_modules\flatiron\node_modules\prompt\node_modules\utile\node_modules\ncp\package.json
412 verbose read json C:\Users\YosukeTorii\AppData\Roaming\npm\node_modules\jitsu\node_modules\flatiron\node_modules\prompt\node_modules\utile\node_modules\rimraf\package.json
413 verbose read json C:\Users\YosukeTorii\AppData\Roaming\npm\node_modules\jitsu\node_modules\flatiron\node_modules\prompt\node_modules\winston\node_modules\async\package.json
414 verbose read json C:\Users\YosukeTorii\AppData\Roaming\npm\node_modules\jitsu\node_modules\flatiron\node_modules\prompt\node_modules\winston\node_modules\cycle\package.json
415 verbose read json C:\Users\YosukeTorii\AppData\Roaming\npm\node_modules\jitsu\node_modules\flatiron\node_modules\prompt\node_modules\winston\node_modules\eyes\package.json
416 verbose read json C:\Users\YosukeTorii\AppData\Roaming\npm\node_modules\jitsu\node_modules\flatiron\node_modules\prompt\node_modules\winston\node_modules\stack-trace\package.json
417 verbose read json C:\Users\YosukeTorii\AppData\Roaming\npm\node_modules\jitsu\node_modules\fstream-npm\node_modules\fstream-ignore\node_modules\minimatch\node_modules\lru-cache\package.json
418 verbose read json C:\Users\YosukeTorii\AppData\Roaming\npm\node_modules\jitsu\node_modules\fstream-npm\node_modules\fstream-ignore\node_modules\minimatch\node_modules\sigmund\package.json
419 verbose read json C:\Users\YosukeTorii\AppData\Roaming\npm\node_modules\jitsu\node_modules\npm\node_modules\npmconf\node_modules\config-chain\node_modules\proto-list\package.json
420 verbose read json C:\Users\YosukeTorii\AppData\Roaming\npm\node_modules\jitsu\node_modules\require-analyzer\node_modules\detective\node_modules\burrito\node_modules\traverse\package.json
421 verbose read json C:\Users\YosukeTorii\AppData\Roaming\npm\node_modules\jitsu\node_modules\require-analyzer\node_modules\detective\node_modules\burrito\node_modules\uglify-js\package.json
422 verbose read json C:\Users\YosukeTorii\AppData\Roaming\npm\node_modules\jitsu\node_modules\require-analyzer\node_modules\findit\node_modules\seq\node_modules\chainsaw\package.json
423 verbose read json C:\Users\YosukeTorii\AppData\Roaming\npm\node_modules\jitsu\node_modules\require-analyzer\node_modules\findit\node_modules\seq\node_modules\hashish\package.json
424 verbose read json C:\Users\YosukeTorii\AppData\Roaming\npm\node_modules\jitsu\node_modules\require-analyzer\node_modules\winston\node_modules\loggly\node_modules\timespan\package.json
425 verbose read json C:\Users\YosukeTorii\AppData\Roaming\npm\node_modules\jitsu\node_modules\wizard\node_modules\prompt\node_modules\read\node_modules\mute-stream\package.json
426 verbose read json C:\Users\YosukeTorii\AppData\Roaming\npm\node_modules\jitsu\node_modules\wizard\node_modules\prompt\node_modules\utile\node_modules\async\package.json
427 verbose read json C:\Users\YosukeTorii\AppData\Roaming\npm\node_modules\jitsu\node_modules\wizard\node_modules\prompt\node_modules\utile\node_modules\deep-equal\package.json
428 verbose read json C:\Users\YosukeTorii\AppData\Roaming\npm\node_modules\jitsu\node_modules\wizard\node_modules\prompt\node_modules\utile\node_modules\i\package.json
429 verbose read json C:\Users\YosukeTorii\AppData\Roaming\npm\node_modules\jitsu\node_modules\wizard\node_modules\prompt\node_modules\utile\node_modules\mkdirp\package.json
430 verbose read json C:\Users\YosukeTorii\AppData\Roaming\npm\node_modules\jitsu\node_modules\wizard\node_modules\prompt\node_modules\utile\node_modules\ncp\package.json
431 verbose read json C:\Users\YosukeTorii\AppData\Roaming\npm\node_modules\jitsu\node_modules\wizard\node_modules\prompt\node_modules\utile\node_modules\rimraf\package.json
432 verbose read json C:\Users\YosukeTorii\AppData\Roaming\npm\node_modules\jitsu\node_modules\wizard\node_modules\prompt\node_modules\winston\node_modules\async\package.json
433 verbose read json C:\Users\YosukeTorii\AppData\Roaming\npm\node_modules\jitsu\node_modules\wizard\node_modules\prompt\node_modules\winston\node_modules\cycle\package.json
434 verbose read json C:\Users\YosukeTorii\AppData\Roaming\npm\node_modules\jitsu\node_modules\wizard\node_modules\prompt\node_modules\winston\node_modules\eyes\package.json
435 verbose read json C:\Users\YosukeTorii\AppData\Roaming\npm\node_modules\jitsu\node_modules\wizard\node_modules\prompt\node_modules\winston\node_modules\stack-trace\package.json
436 verbose read json C:\Users\YosukeTorii\AppData\Roaming\npm\node_modules\testacular\node_modules\istanbul\node_modules\escodegen\node_modules\source-map\node_modules\amdefine\package.json
437 verbose read json C:\Users\YosukeTorii\AppData\Roaming\npm\node_modules\jshint\node_modules\cli\node_modules\glob\node_modules\minimatch\node_modules\lru-cache\package.json
438 verbose read json C:\Users\YosukeTorii\AppData\Roaming\npm\node_modules\tsd\node_modules\request\node_modules\form-data\node_modules\combined-stream\node_modules\delayed-stream\package.json
439 verbose read json C:\Users\YosukeTorii\AppData\Roaming\npm\node_modules\tsd\node_modules\request\node_modules\hawk\node_modules\boom\node_modules\hoek\package.json
440 verbose read json C:\Users\YosukeTorii\AppData\Roaming\npm\node_modules\tsd\node_modules\request\node_modules\hawk\node_modules\sntp\node_modules\hoek\package.json
441 verbose read json C:\Users\YosukeTorii\AppData\Roaming\npm\node_modules\testacular\node_modules\socket.io\node_modules\socket.io-client\node_modules\active-x-obfuscator\node_modules\zeparser\package.json
442 verbose read json C:\Users\YosukeTorii\AppData\Roaming\npm\node_modules\testacular\node_modules\socket.io\node_modules\socket.io-client\node_modules\ws\node_modules\commander\package.json
443 verbose read json C:\Users\YosukeTorii\AppData\Roaming\npm\node_modules\testacular\node_modules\socket.io\node_modules\socket.io-client\node_modules\ws\node_modules\options\package.json
444 verbose read json C:\Users\YosukeTorii\AppData\Roaming\npm\node_modules\testacular\node_modules\socket.io\node_modules\socket.io-client\node_modules\ws\node_modules\tinycolor\package.json
445 warn package.json amdefine@0.0.4 No repository field.
446 verbose read json C:\Users\YosukeTorii\AppData\Roaming\npm\node_modules\jitsu\node_modules\require-analyzer\node_modules\findit\node_modules\seq\node_modules\chainsaw\node_modules\traverse\package.json
447 verbose read json C:\Users\YosukeTorii\AppData\Roaming\npm\node_modules\jitsu\node_modules\require-analyzer\node_modules\findit\node_modules\seq\node_modules\hashish\node_modules\traverse\package.json
448 verbose readInstalled returning coffee-script@1.4.0
449 verbose readInstalled returning haxemine@0.0.1
450 verbose readInstalled returning jitsu@0.11.4
451 verbose readInstalled returning jshint@0.9.1
452 verbose readInstalled returning node-gyp@0.8.1
453 verbose readInstalled returning testacular@0.6.0
454 verbose readInstalled returning tsd@0.3.1
455 verbose readInstalled returning typescript@0.8.3
456 verbose readInstalled returning express@3.0.0
457 verbose readInstalled returning ejs@0.8.4
458 verbose readInstalled returning socket.io@0.9.13
459 verbose readInstalled returning async@0.2.9
460 verbose readInstalled returning log4js@0.6.6
461 verbose readInstalled returning source-map-support@0.1.6
462 verbose readInstalled returning connect@2.6.0
463 verbose readInstalled returning commander@0.6.1
464 verbose readInstalled returning range-parser@0.0.4
465 verbose readInstalled returning mkdirp@0.3.3
466 verbose readInstalled returning cookie@0.0.4
467 verbose readInstalled returning crc@0.2.0
468 verbose readInstalled returning fresh@0.1.0
469 verbose readInstalled returning methods@0.0.1
470 verbose readInstalled returning send@0.1.0
471 verbose readInstalled returning debug@0.7.2
472 verbose readInstalled returning qs@0.5.1
473 verbose readInstalled returning formidable@1.0.11
474 verbose readInstalled returning bytes@0.1.0
475 verbose readInstalled returning send@0.0.4
476 verbose readInstalled returning pause@0.0.1
477 verbose readInstalled returning mime@1.2.6
478 verbose readInstalled returning mime@1.2.6
479 verbose readInstalled returning socket.io-client@0.9.11
480 verbose readInstalled returning policyfile@0.0.4
481 verbose readInstalled returning base64id@0.1.0
482 verbose readInstalled returning redis@0.7.3
483 verbose readInstalled returning uglify-js@1.2.5
484 verbose readInstalled returning ws@0.4.25
485 verbose readInstalled returning xmlhttprequest@1.4.2
486 verbose readInstalled returning active-x-obfuscator@0.0.1
487 verbose readInstalled returning commander@0.6.1
488 verbose readInstalled returning tinycolor@0.0.1
489 verbose readInstalled returning options@0.0.5
490 verbose readInstalled returning zeparser@0.0.5
491 verbose readInstalled returning async@0.1.15
492 verbose readInstalled returning dequeue@1.0.3
493 verbose readInstalled returning semver@1.1.4
494 verbose readInstalled returning readable-stream@1.0.2
495 verbose readInstalled returning source-map@0.1.8
496 verbose readInstalled returning amdefine@0.0.5
497 verbose readInstalled returning colors@0.6.0-1
498 verbose readInstalled returning complete@0.3.1
499 verbose readInstalled returning dateformat@1.0.2-1.2.3
500 verbose readInstalled returning flatiron@0.3.0
501 verbose readInstalled returning flatiron-cli-config@0.1.3
502 verbose readInstalled returning flatiron-cli-users@0.1.1
503 verbose readInstalled returning fstream@0.1.18
504 verbose readInstalled returning fstream-npm@0.1.1
505 verbose readInstalled returning npm@1.1.59
506 verbose readInstalled returning nodejitsu-api@0.3.6
507 verbose readInstalled returning pkginfo@0.2.3
508 verbose readInstalled returning request@2.9.203
509 verbose readInstalled returning require-analyzer@0.4.0-3
510 verbose readInstalled returning spawn-command@0.0.2
511 verbose readInstalled returning semver@1.0.14
512 verbose readInstalled returning tar@0.1.13
513 verbose readInstalled returning wizard@0.0.1
514 verbose readInstalled returning ladder@0.0.0
515 verbose readInstalled returning progress@0.1.0
516 verbose readInstalled returning opener@1.3.0
517 verbose readInstalled returning broadway@0.2.5
518 verbose readInstalled returning optimist@0.3.4
519 verbose readInstalled returning prompt@0.2.8
520 verbose readInstalled returning director@1.1.6
521 verbose readInstalled returning cliff@0.1.8
522 verbose readInstalled returning eventemitter2@0.4.9
523 verbose readInstalled returning nconf@0.6.4
524 verbose readInstalled returning winston@0.6.2
525 verbose readInstalled returning utile@0.1.2
526 verbose readInstalled returning eyes@0.1.8
527 verbose readInstalled returning async@0.1.22
528 verbose readInstalled returning cycle@1.0.1
529 verbose readInstalled returning eyes@0.1.8
530 verbose readInstalled returning stack-trace@0.0.6
531 verbose readInstalled returning async@0.1.22
532 verbose readInstalled returning ini@1.0.5
533 verbose readInstalled returning wordwrap@0.0.2
534 verbose readInstalled returning async@0.1.22
535 verbose readInstalled returning deep-equal@0.0.0
536 verbose readInstalled returning i@0.3.1
537 verbose readInstalled returning mkdirp@0.3.4
538 verbose readInstalled returning ncp@0.2.6
539 verbose readInstalled returning rimraf@1.0.9
540 verbose readInstalled returning read@1.0.4
541 verbose readInstalled returning revalidator@0.1.5
542 verbose readInstalled returning utile@0.1.6
543 verbose readInstalled returning winston@0.6.2
544 verbose readInstalled returning mute-stream@0.0.3
545 verbose readInstalled returning async@0.1.22
546 verbose readInstalled returning deep-equal@0.0.0
547 verbose readInstalled returning i@0.3.1
548 verbose readInstalled returning mkdirp@0.3.4
549 verbose readInstalled returning ncp@0.2.6
550 verbose readInstalled returning rimraf@1.0.9
551 verbose readInstalled returning async@0.1.22
552 verbose readInstalled returning cycle@1.0.1
553 verbose readInstalled returning eyes@0.1.8
554 verbose readInstalled returning stack-trace@0.0.6
555 verbose readInstalled returning rimraf@2.0.2
556 verbose readInstalled returning mkdirp@0.3.4
557 verbose readInstalled returning graceful-fs@1.1.14
558 verbose readInstalled returning inherits@1.0.0
559 verbose readInstalled returning fstream-ignore@0.0.5
560 verbose readInstalled returning inherits@1.0.0
561 verbose readInstalled returning minimatch@0.2.9
562 verbose readInstalled returning lru-cache@2.0.4
563 verbose readInstalled returning sigmund@1.0.0
564 verbose readInstalled returning semver@1.0.14
565 verbose readInstalled returning ini@1.0.4
566 verbose readInstalled returning slide@1.1.3
567 verbose readInstalled returning abbrev@1.0.3
568 verbose readInstalled returning graceful-fs@1.1.10
569 verbose readInstalled returning minimatch@0.2.6
570 verbose readInstalled returning nopt@2.0.0
571 verbose readInstalled returning rimraf@2.0.2
572 verbose readInstalled returning request@2.9.203
573 verbose readInstalled returning which@1.0.5
574 verbose readInstalled returning tar@0.1.13
575 verbose readInstalled returning fstream@0.1.18
576 verbose readInstalled returning block-stream@0.0.6
577 verbose readInstalled returning inherits@1.0.0
578 verbose readInstalled returning mkdirp@0.3.4
579 verbose readInstalled returning read@1.0.4
580 verbose readInstalled returning lru-cache@2.0.1
581 verbose readInstalled returning node-gyp@0.6.7
582 verbose readInstalled returning fstream-npm@0.1.1
583 verbose readInstalled returning uid-number@0.0.3
584 verbose readInstalled returning archy@0.0.2
585 verbose readInstalled returning chownr@0.0.1
586 verbose readInstalled returning npmlog@0.0.2
587 verbose readInstalled returning ansi@0.1.2
588 verbose readInstalled returning npm-registry-client@0.2.6
589 verbose readInstalled returning read-package-json@0.1.4
590 verbose readInstalled returning read-installed@0.0.2
591 verbose readInstalled returning glob@3.1.12
592 verbose readInstalled returning init-package-json@0.0.5
593 verbose readInstalled returning osenv@0.0.3
594 verbose readInstalled returning lockfile@0.2.1
595 verbose readInstalled returning retry@0.6.0
596 verbose readInstalled returning couch-login@0.1.10
597 verbose readInstalled returning once@1.1.1
598 verbose readInstalled returning npmconf@0.0.11
599 verbose readInstalled returning mute-stream@0.0.3
600 verbose readInstalled returning fstream-ignore@0.0.5
601 verbose readInstalled returning promzard@0.2.0
602 verbose readInstalled returning config-chain@1.1.1
603 verbose readInstalled returning proto-list@1.2.2
604 verbose readInstalled returning findit@0.0.5
605 verbose readInstalled returning npm@1.1.4
606 verbose readInstalled returning optimist@0.2.8
607 verbose readInstalled returning winston@0.5.11
608 verbose readInstalled returning detective@0.0.4
609 verbose readInstalled returning eyes@0.1.8
610 verbose readInstalled returning seq@0.3.5
611 verbose readInstalled returning chainsaw@0.0.9
612 verbose readInstalled returning hashish@0.0.4
613 verbose readInstalled returning traverse@0.3.9
614 verbose readInstalled returning traverse@0.6.3
615 verbose readInstalled returning semver@1.0.13
616 verbose readInstalled returning ini@1.0.2
617 verbose readInstalled returning slide@1.1.3
618 verbose readInstalled returning abbrev@1.0.3
619 verbose readInstalled returning graceful-fs@1.1.5
620 verbose readInstalled returning minimatch@0.1.5
621 verbose readInstalled returning nopt@1.0.10
622 verbose readInstalled returning node-uuid@1.3.3
623 verbose readInstalled returning proto-list@1.0.0
624 verbose readInstalled returning rimraf@2.0.1
625 verbose readInstalled returning request@2.9.153
626 verbose readInstalled returning which@1.0.5
627 verbose readInstalled returning tar@0.1.12
628 verbose readInstalled returning fstream@0.1.12
629 verbose readInstalled returning block-stream@0.0.5
630 verbose readInstalled returning inherits@1.0.0
631 verbose readInstalled returning mkdirp@0.3.0
632 verbose readInstalled returning fast-list@1.0.2
633 verbose readInstalled returning read@0.0.1
634 verbose readInstalled returning lru-cache@1.0.5
635 verbose readInstalled returning wordwrap@0.0.2
636 verbose readInstalled returning async@0.1.22
637 verbose readInstalled returning loggly@0.3.11
638 verbose readInstalled returning stack-trace@0.0.6
639 verbose readInstalled returning timespan@2.2.0
640 verbose readInstalled returning burrito@0.2.12
641 verbose readInstalled returning traverse@0.5.2
642 verbose readInstalled returning uglify-js@1.1.1
643 verbose readInstalled returning inherits@1.0.0
644 verbose readInstalled returning block-stream@0.0.6
645 verbose readInstalled returning prompt@0.2.8
646 verbose readInstalled returning read@1.0.4
647 verbose readInstalled returning revalidator@0.1.5
648 verbose readInstalled returning utile@0.1.6
649 verbose readInstalled returning winston@0.6.2
650 verbose readInstalled returning mute-stream@0.0.3
651 verbose readInstalled returning async@0.1.22
652 verbose readInstalled returning deep-equal@0.0.0
653 verbose readInstalled returning i@0.3.1
654 verbose readInstalled returning mkdirp@0.3.4
655 verbose readInstalled returning ncp@0.2.6
656 verbose readInstalled returning rimraf@1.0.9
657 verbose readInstalled returning async@0.1.22
658 verbose readInstalled returning cycle@1.0.1
659 verbose readInstalled returning eyes@0.1.8
660 verbose readInstalled returning stack-trace@0.0.6
661 verbose readInstalled returning cli@0.4.3
662 verbose readInstalled returning minimatch@0.0.5
663 verbose readInstalled returning glob@3.1.13
664 verbose readInstalled returning minimatch@0.2.7
665 verbose readInstalled returning graceful-fs@1.1.14
666 verbose readInstalled returning inherits@1.0.0
667 verbose readInstalled returning lru-cache@2.0.4
668 verbose readInstalled returning lru-cache@1.0.6
669 verbose readInstalled returning glob@3.1.14
670 verbose readInstalled returning graceful-fs@1.1.14
671 verbose readInstalled returning fstream@0.1.19
672 verbose readInstalled returning minimatch@0.2.9
673 verbose readInstalled returning mkdirp@0.3.4
674 verbose readInstalled returning nopt@2.0.0
675 verbose readInstalled returning npmlog@0.0.2
676 verbose readInstalled returning osenv@0.0.3
677 verbose readInstalled returning request@2.9.203
678 verbose readInstalled returning rimraf@2.0.2
679 verbose readInstalled returning semver@1.1.1
680 verbose readInstalled returning tar@0.1.14
681 verbose readInstalled returning which@1.0.5
682 verbose readInstalled returning inherits@1.0.0
683 verbose readInstalled returning lru-cache@2.0.4
684 verbose readInstalled returning sigmund@1.0.0
685 verbose readInstalled returning inherits@1.0.0
686 verbose readInstalled returning abbrev@1.0.3
687 verbose readInstalled returning ansi@0.1.2
688 verbose readInstalled returning inherits@1.0.0
689 verbose readInstalled returning block-stream@0.0.6
690 verbose readInstalled returning socket.io@0.9.13
691 verbose readInstalled returning chokidar@0.5.3
692 verbose readInstalled returning glob@3.1.20
693 verbose readInstalled returning minimatch@0.2.9
694 verbose readInstalled returning http-proxy@0.8.7
695 verbose readInstalled returning optimist@0.3.5
696 verbose readInstalled returning coffee-script@1.4.0
697 verbose readInstalled returning xmlbuilder@0.4.2
698 verbose readInstalled returning rimraf@2.1.4
699 verbose readInstalled returning q@0.8.12
700 verbose readInstalled returning LiveScript@1.0.1
701 verbose readInstalled returning colors@0.6.0-1
702 verbose readInstalled returning dateformat@1.0.2-1.2.3
703 verbose readInstalled returning istanbul@0.1.22
704 verbose readInstalled returning lodash@1.0.0-rc.3
705 verbose readInstalled returning growly@1.1.1
706 verbose readInstalled returning pause@0.0.1
707 verbose readInstalled returning mime@1.2.7
708 verbose readInstalled returning log4js@0.5.6
709 verbose readInstalled returning socket.io-client@0.9.11
710 verbose readInstalled returning policyfile@0.0.4
711 verbose readInstalled returning base64id@0.1.0
712 verbose readInstalled returning redis@0.7.3
713 verbose readInstalled returning uglify-js@1.2.5
714 verbose readInstalled returning ws@0.4.25
715 verbose readInstalled returning xmlhttprequest@1.4.2
716 verbose readInstalled returning active-x-obfuscator@0.0.1
717 verbose readInstalled returning commander@0.6.1
718 verbose readInstalled returning tinycolor@0.0.1
719 verbose readInstalled returning options@0.0.3
720 verbose readInstalled returning zeparser@0.0.5
721 verbose readInstalled returning graceful-fs@1.2.0
722 verbose readInstalled returning inherits@1.0.0
723 verbose readInstalled returning lru-cache@2.0.4
724 verbose readInstalled returning sigmund@1.0.0
725 verbose readInstalled returning pkginfo@0.2.3
726 verbose readInstalled returning wordwrap@0.0.2
727 verbose readInstalled returning graceful-fs@1.2.0
728 verbose readInstalled returning prelude-ls@0.6.0
729 verbose readInstalled returning esprima@0.9.9
730 verbose readInstalled returning escodegen@0.0.17
731 verbose readInstalled returning handlebars@1.0.10
732 verbose readInstalled returning mkdirp@0.3.5
733 verbose readInstalled returning nopt@2.0.0
734 verbose readInstalled returning fileset@0.1.5
735 verbose readInstalled returning which@1.0.5
736 verbose readInstalled returning async@0.1.22
737 verbose readInstalled returning abbrev@1.0.4
738 verbose readInstalled returning wordwrap@0.0.2
739 verbose readInstalled returning esprima@1.0.2
740 verbose readInstalled returning estraverse@0.0.4
741 verbose readInstalled returning source-map@0.1.9
742 verbose readInstalled returning amdefine@0.0.4
743 verbose readInstalled returning uglify-js@1.2.6
744 verbose readInstalled returning async@0.1.15
745 verbose readInstalled returning request@2.21.0
746 verbose readInstalled returning qs@0.6.5
747 verbose readInstalled returning json-stringify-safe@4.0.0
748 verbose readInstalled returning forever-agent@0.5.0
749 verbose readInstalled returning tunnel-agent@0.3.0
750 verbose readInstalled returning http-signature@0.9.11
751 verbose readInstalled returning hawk@0.13.1
752 verbose readInstalled returning aws-sign@0.3.0
753 verbose readInstalled returning oauth-sign@0.3.0
754 verbose readInstalled returning cookie-jar@0.3.0
755 verbose readInstalled returning node-uuid@1.4.0
756 verbose readInstalled returning mime@1.2.9
757 verbose readInstalled returning form-data@0.0.8
758 verbose readInstalled returning assert-plus@0.1.2
759 verbose readInstalled returning asn1@0.1.11
760 verbose readInstalled returning ctype@0.5.2
761 verbose readInstalled returning hoek@0.8.5
762 verbose readInstalled returning boom@0.4.2
763 verbose readInstalled returning cryptiles@0.2.1
764 verbose readInstalled returning sntp@0.2.4
765 verbose readInstalled returning hoek@0.9.1
766 verbose readInstalled returning hoek@0.9.1
767 verbose readInstalled returning combined-stream@0.0.4
768 verbose readInstalled returning async@0.2.8
769 verbose readInstalled returning delayed-stream@0.0.5
770 verbose readInstalled returning undefined
771 error peerinvalid The package flatiron does not satisfy its siblings' peerDependencies requirements!
771 error peerinvalid Peer flatiron-cli-config@0.1.3 wants flatiron@~0.1.9
771 error peerinvalid Peer flatiron-cli-users@0.1.1 wants flatiron@~0.1.9
772 error System Windows_NT 6.1.7601
773 error command "C:\\Program Files\\nodejs\\\\node.exe" "C:\\Program Files\\nodejs\\node_modules\\npm\\bin\\npm-cli.js" "install" "-g" "typescript@0.8"
774 error cwd C:\NodeJS\nodio2
775 error node -v v0.10.10
776 error npm -v 1.2.25
777 error code EPEERINVALID
778 verbose exit [ 1, true ]
